New log file opened at Mon Aug 15 15:25:54 BRT 2016 by 3352@papejajunior-NH4CU03
Sending msg to client play-fork-run-fa216bda-f967-4c2e-bba7-ee5e2a2a6bb9: DetachedLogEvent(LogMessage(debug,sbt server socket logs are in: /home/papejajunior/workspace/gitlab/EditorOnline/editor/.sbtserver/connections/master.log))
Sending msg to client play-fork-run-fa216bda-f967-4c2e-bba7-ee5e2a2a6bb9: DetachedLogEvent(LogMessage(debug,sbt general server logs are in: /home/papejajunior/workspace/gitlab/EditorOnline/editor/.sbtserver/master.log))
Sending msg to client play-fork-run-fa216bda-f967-4c2e-bba7-ee5e2a2a6bb9: DetachedLogEvent(LogMessage(debug,sbt client logs are in: /home/papejajunior/workspace/gitlab/EditorOnline/editor/.sbtserver/connections/play-fork-run-fa216bda-f967-4c2e-bba7-ee5e2a2a6bb9.log))
Reading next message from client.
Got request: DaemonRequest(true)
Reading next message from client.
Sending msg to client play-fork-run-fa216bda-f967-4c2e-bba7-ee5e2a2a6bb9: (3,ReceivedResponse())
Got request: ListenToEvents()
Reading next message from client.
Sending msg to client play-fork-run-fa216bda-f967-4c2e-bba7-ee5e2a2a6bb9: BackgroundJobStarted(53,BackgroundJobInfo(5,backgroundRun,AttributeKey[sbt.BackgroundJobHandle]("backgroundRun") in Scope(Build: file:/home/papejajunior/workspace/gitlab/EditorOnline/editor/, , Project: ProjectReference(file:/home/papejajunior/workspace/gitlab/EditorOnline/editor/,root), Config: compile)))
Sending msg to client play-fork-run-fa216bda-f967-4c2e-bba7-ee5e2a2a6bb9: BackgroundJobStarted(48,BackgroundJobInfo(4,backgroundRun,AttributeKey[sbt.BackgroundJobHandle]("backgroundRun") in Scope(Build: file:/home/papejajunior/workspace/gitlab/EditorOnline/editor/, , Project: ProjectReference(file:/home/papejajunior/workspace/gitlab/EditorOnline/editor/,root), Config: compile)))
Sending msg to client play-fork-run-fa216bda-f967-4c2e-bba7-ee5e2a2a6bb9: (4,ReceivedResponse())
Got request: KeyLookupRequest(root/playForkConfig)
Reading next message from client.
Sending msg to client play-fork-run-fa216bda-f967-4c2e-bba7-ee5e2a2a6bb9: (5,KeyLookupResponse(root/playForkConfig,Vector(AttributeKey[play.forkrun.protocol.ForkConfig]("playForkConfig") in Scope(Build: file:/home/papejajunior/workspace/gitlab/EditorOnline/editor/, , Project: ProjectReference(file:/home/papejajunior/workspace/gitlab/EditorOnline/editor/,root)))))
Got request: ListenToValue(AttributeKey[play.forkrun.protocol.ForkConfig]("playForkConfig") in Scope(Build: file:/home/papejajunior/workspace/gitlab/EditorOnline/editor/, , Project: ProjectReference(file:/home/papejajunior/workspace/gitlab/EditorOnline/editor/,root)))
Reading next message from client.
Sending msg to client play-fork-run-fa216bda-f967-4c2e-bba7-ee5e2a2a6bb9: (6,ReceivedResponse())
Got request: KeyExecutionRequest(AttributeKey[play.forkrun.protocol.ForkConfig]("playForkConfig") in Scope(Build: file:/home/papejajunior/workspace/gitlab/EditorOnline/editor/, , Project: ProjectReference(file:/home/papejajunior/workspace/gitlab/EditorOnline/editor/,root)))
Reading next message from client.
Sending msg to client play-fork-run-fa216bda-f967-4c2e-bba7-ee5e2a2a6bb9: (7,ExecutionRequestReceived(54))
Sending msg to client play-fork-run-fa216bda-f967-4c2e-bba7-ee5e2a2a6bb9: ExecutionWaiting(54,{file:/home/papejajunior/workspace/gitlab/EditorOnline/editor/}root/*:playForkConfig,ClientInfo(fa216bda-f967-4c2e-bba7-ee5e2a2a6bb9,play-fork-run,Play Fork Run,1,Vector()))
Sending msg to client play-fork-run-fa216bda-f967-4c2e-bba7-ee5e2a2a6bb9: ExecutionStarting(54)
Sending msg to client play-fork-run-fa216bda-f967-4c2e-bba7-ee5e2a2a6bb9: DetachedLogEvent(LogMessage(debug,> {file:/home/papejajunior/workspace/gitlab/EditorOnline/editor/}root/*:playForkConfig))
Sending msg to client play-fork-run-fa216bda-f967-4c2e-bba7-ee5e2a2a6bb9: DetachedLogEvent(LogMessage(debug,Evaluating tasks: *:playForkConfig))
Sending msg to client play-fork-run-fa216bda-f967-4c2e-bba7-ee5e2a2a6bb9: DetachedLogEvent(LogMessage(debug,Running task... Cancel: sbt.server.ServerTaskCancellation@c1d8032, check cycles: false))
Sending msg to client play-fork-run-fa216bda-f967-4c2e-bba7-ee5e2a2a6bb9: DetachedLogEvent(LogMessage(debug,cancel strategy start enabled=true lastCommand=Some(LastCommand(CommandExecutionWork(ExecutionId(54),{file:/home/papejajunior/workspace/gitlab/EditorOnline/editor/}root/*:playForkConfig,Set(LiveClient(play-fork-run fa216bda-f967-4c2e-bba7-ee5e2a2a6bb9)),sbt.server.WorkCancellationStatus$$anon$1@79767e6f)))))
Sending msg to client play-fork-run-fa216bda-f967-4c2e-bba7-ee5e2a2a6bb9: TaskStarted(54,8453,Some(AttributeKey[scala.Option[java.lang.String]]("mainClass") in Scope(Build: file:/home/papejajunior/workspace/gitlab/EditorOnline/editor/, , Project: ProjectReference(file:/home/papejajunior/workspace/gitlab/EditorOnline/editor/,root), Config: compile, Task: AttributeKey[void]("run"))))
Sending msg to client play-fork-run-fa216bda-f967-4c2e-bba7-ee5e2a2a6bb9: TaskStarted(54,8456,None)
Sending msg to client play-fork-run-fa216bda-f967-4c2e-bba7-ee5e2a2a6bb9: TaskStarted(54,8462,None)
Sending msg to client play-fork-run-fa216bda-f967-4c2e-bba7-ee5e2a2a6bb9: TaskStarted(54,8469,None)
Sending msg to client play-fork-run-fa216bda-f967-4c2e-bba7-ee5e2a2a6bb9: TaskStarted(54,8472,Some(AttributeKey[java.lang.String]("updateCacheName") in Scope(Build: file:/home/papejajunior/workspace/gitlab/EditorOnline/editor/, , Project: ProjectReference(file:/home/papejajunior/workspace/gitlab/EditorOnline/editor/,root))))
Sending msg to client play-fork-run-fa216bda-f967-4c2e-bba7-ee5e2a2a6bb9: TaskStarted(54,8475,None)
Sending msg to client play-fork-run-fa216bda-f967-4c2e-bba7-ee5e2a2a6bb9: TaskStarted(54,8484,Some(AttributeKey[scala.Option[scala.collection.Seq[sbt.Resolver]]]("bootResolvers") in Scope(Build: file:/home/papejajunior/workspace/gitlab/EditorOnline/editor/, , Project: ProjectReference(file:/home/papejajunior/workspace/gitlab/EditorOnline/editor/,root))))
Sending msg to client play-fork-run-fa216bda-f967-4c2e-bba7-ee5e2a2a6bb9: TaskStarted(54,8488,Some(AttributeKey[scala.collection.Seq[sbt.Resolver]]("externalResolvers") in Scope(Build: file:/home/papejajunior/workspace/gitlab/EditorOnline/editor/, , Project: ProjectReference(file:/home/papejajunior/workspace/gitlab/EditorOnline/editor/,root))))
Sending msg to client play-fork-run-fa216bda-f967-4c2e-bba7-ee5e2a2a6bb9: TaskStarted(54,8490,Some(AttributeKey[scala.collection.Seq[sbt.Credentials]]("credentials") in Scope(Global)))
Sending msg to client play-fork-run-fa216bda-f967-4c2e-bba7-ee5e2a2a6bb9: TaskStarted(54,8491,None)
Sending msg to client play-fork-run-fa216bda-f967-4c2e-bba7-ee5e2a2a6bb9: TaskStarted(54,8495,Some(AttributeKey[boolean]("skip") in Scope(Global)))
Sending msg to client play-fork-run-fa216bda-f967-4c2e-bba7-ee5e2a2a6bb9: TaskStarted(54,8498,None)
Sending msg to client play-fork-run-fa216bda-f967-4c2e-bba7-ee5e2a2a6bb9: TaskStarted(54,8499,None)
Sending msg to client play-fork-run-fa216bda-f967-4c2e-bba7-ee5e2a2a6bb9: TaskStarted(54,8503,None)
Sending msg to client play-fork-run-fa216bda-f967-4c2e-bba7-ee5e2a2a6bb9: TaskStarted(54,8504,Some(AttributeKey[scala.collection.Seq[java.lang.String]]("javaOptions") in Scope(Global)))
Sending msg to client play-fork-run-fa216bda-f967-4c2e-bba7-ee5e2a2a6bb9: TaskStarted(54,8506,Some(AttributeKey[scala.Tuple2[java.lang.String,java.io.File]]("playPrefixAndAssets") in Scope(Build: file:/home/papejajunior/workspace/gitlab/EditorOnline/editor/, , Project: ProjectReference(file:/home/papejajunior/workspace/gitlab/EditorOnline/editor/,root))))
Sending msg to client play-fork-run-fa216bda-f967-4c2e-bba7-ee5e2a2a6bb9: TaskStarted(54,8508,None)
Sending msg to client play-fork-run-fa216bda-f967-4c2e-bba7-ee5e2a2a6bb9: TaskFinished(54,8462,None,true,None)
Sending msg to client play-fork-run-fa216bda-f967-4c2e-bba7-ee5e2a2a6bb9: TaskStarted(54,8461,Some(AttributeKey[sbt.BuildStructure]("buildStructure") in Scope(Global)))
Sending msg to client play-fork-run-fa216bda-f967-4c2e-bba7-ee5e2a2a6bb9: TaskStarted(54,8473,Some(AttributeKey[java.io.File]("dependencyCacheDirectory") in Scope(Build: file:/home/papejajunior/workspace/gitlab/EditorOnline/editor/, , Project: ProjectReference(file:/home/papejajunior/workspace/gitlab/EditorOnline/editor/,root))))
Sending msg to client play-fork-run-fa216bda-f967-4c2e-bba7-ee5e2a2a6bb9: TaskFinished(54,8453,Some(AttributeKey[scala.Option[java.lang.String]]("mainClass") in Scope(Build: file:/home/papejajunior/workspace/gitlab/EditorOnline/editor/, , Project: ProjectReference(file:/home/papejajunior/workspace/gitlab/EditorOnline/editor/,root), Config: compile, Task: AttributeKey[void]("run"))),true,None)
Sending msg to client play-fork-run-fa216bda-f967-4c2e-bba7-ee5e2a2a6bb9: TaskFinished(54,8469,None,true,None)
Sending msg to client play-fork-run-fa216bda-f967-4c2e-bba7-ee5e2a2a6bb9: TaskFinished(54,8475,None,true,None)
Sending msg to client play-fork-run-fa216bda-f967-4c2e-bba7-ee5e2a2a6bb9: TaskFinished(54,8472,Some(AttributeKey[java.lang.String]("updateCacheName") in Scope(Build: file:/home/papejajunior/workspace/gitlab/EditorOnline/editor/, , Project: ProjectReference(file:/home/papejajunior/workspace/gitlab/EditorOnline/editor/,root))),true,None)
Sending msg to client play-fork-run-fa216bda-f967-4c2e-bba7-ee5e2a2a6bb9: TaskFinished(54,8456,None,true,None)
Sending msg to client play-fork-run-fa216bda-f967-4c2e-bba7-ee5e2a2a6bb9: TaskStarted(54,8455,None)
Sending msg to client play-fork-run-fa216bda-f967-4c2e-bba7-ee5e2a2a6bb9: TaskStarted(54,8463,None)
Sending msg to client play-fork-run-fa216bda-f967-4c2e-bba7-ee5e2a2a6bb9: TaskStarted(54,8482,None)
Sending msg to client play-fork-run-fa216bda-f967-4c2e-bba7-ee5e2a2a6bb9: TaskStarted(54,8487,None)
Sending msg to client play-fork-run-fa216bda-f967-4c2e-bba7-ee5e2a2a6bb9: TaskStarted(54,8489,None)
Sending msg to client play-fork-run-fa216bda-f967-4c2e-bba7-ee5e2a2a6bb9: TaskStarted(54,8494,None)
Sending msg to client play-fork-run-fa216bda-f967-4c2e-bba7-ee5e2a2a6bb9: TaskStarted(54,8496,None)
Sending msg to client play-fork-run-fa216bda-f967-4c2e-bba7-ee5e2a2a6bb9: TaskStarted(54,8500,None)
Sending msg to client play-fork-run-fa216bda-f967-4c2e-bba7-ee5e2a2a6bb9: TaskFinished(54,8490,Some(AttributeKey[scala.collection.Seq[sbt.Credentials]]("credentials") in Scope(Global)),true,None)
Sending msg to client play-fork-run-fa216bda-f967-4c2e-bba7-ee5e2a2a6bb9: TaskFinished(54,8484,Some(AttributeKey[scala.Option[scala.collection.Seq[sbt.Resolver]]]("bootResolvers") in Scope(Build: file:/home/papejajunior/workspace/gitlab/EditorOnline/editor/, , Project: ProjectReference(file:/home/papejajunior/workspace/gitlab/EditorOnline/editor/,root))),true,None)
Sending msg to client play-fork-run-fa216bda-f967-4c2e-bba7-ee5e2a2a6bb9: TaskFinished(54,8488,Some(AttributeKey[scala.collection.Seq[sbt.Resolver]]("externalResolvers") in Scope(Build: file:/home/papejajunior/workspace/gitlab/EditorOnline/editor/, , Project: ProjectReference(file:/home/papejajunior/workspace/gitlab/EditorOnline/editor/,root))),true,None)
Sending msg to client play-fork-run-fa216bda-f967-4c2e-bba7-ee5e2a2a6bb9: TaskFinished(54,8491,None,true,None)
Sending msg to client play-fork-run-fa216bda-f967-4c2e-bba7-ee5e2a2a6bb9: TaskFinished(54,8503,None,true,None)
Sending msg to client play-fork-run-fa216bda-f967-4c2e-bba7-ee5e2a2a6bb9: TaskFinished(54,8499,None,true,None)
Sending msg to client play-fork-run-fa216bda-f967-4c2e-bba7-ee5e2a2a6bb9: TaskFinished(54,8506,Some(AttributeKey[scala.Tuple2[java.lang.String,java.io.File]]("playPrefixAndAssets") in Scope(Build: file:/home/papejajunior/workspace/gitlab/EditorOnline/editor/, , Project: ProjectReference(file:/home/papejajunior/workspace/gitlab/EditorOnline/editor/,root))),true,None)
Sending msg to client play-fork-run-fa216bda-f967-4c2e-bba7-ee5e2a2a6bb9: TaskStarted(54,8505,Some(AttributeKey[scala.collection.Seq[scala.Tuple2[java.lang.String,java.io.File]]]("playAllAssets") in Scope(Build: file:/home/papejajunior/workspace/gitlab/EditorOnline/editor/, , Project: ProjectReference(file:/home/papejajunior/workspace/gitlab/EditorOnline/editor/,root))))
Sending msg to client play-fork-run-fa216bda-f967-4c2e-bba7-ee5e2a2a6bb9: TaskFinished(54,8508,None,true,None)
Sending msg to client play-fork-run-fa216bda-f967-4c2e-bba7-ee5e2a2a6bb9: TaskFinished(54,8461,Some(AttributeKey[sbt.BuildStructure]("buildStructure") in Scope(Global)),true,None)
Sending msg to client play-fork-run-fa216bda-f967-4c2e-bba7-ee5e2a2a6bb9: TaskStarted(54,8460,Some(AttributeKey[sbt.Settings[sbt.Scope]]("settingsData") in Scope(Global)))
Sending msg to client play-fork-run-fa216bda-f967-4c2e-bba7-ee5e2a2a6bb9: TaskFinished(54,8473,Some(AttributeKey[java.io.File]("dependencyCacheDirectory") in Scope(Build: file:/home/papejajunior/workspace/gitlab/EditorOnline/editor/, , Project: ProjectReference(file:/home/papejajunior/workspace/gitlab/EditorOnline/editor/,root))),true,None)
Sending msg to client play-fork-run-fa216bda-f967-4c2e-bba7-ee5e2a2a6bb9: TaskFinished(54,8455,None,true,None)
Sending msg to client play-fork-run-fa216bda-f967-4c2e-bba7-ee5e2a2a6bb9: TaskFinished(54,8498,None,true,None)
Sending msg to client play-fork-run-fa216bda-f967-4c2e-bba7-ee5e2a2a6bb9: TaskStarted(54,8497,Some(AttributeKey[scala.collection.Seq[sbt.UpdateReport]]("transitiveUpdate") in Scope(Build: file:/home/papejajunior/workspace/gitlab/EditorOnline/editor/, , Project: ProjectReference(file:/home/papejajunior/workspace/gitlab/EditorOnline/editor/,root))))
Sending msg to client play-fork-run-fa216bda-f967-4c2e-bba7-ee5e2a2a6bb9: TaskFinished(54,8487,None,true,None)
Sending msg to client play-fork-run-fa216bda-f967-4c2e-bba7-ee5e2a2a6bb9: TaskFinished(54,8482,None,true,None)
Sending msg to client play-fork-run-fa216bda-f967-4c2e-bba7-ee5e2a2a6bb9: TaskFinished(54,8494,None,true,None)
Sending msg to client play-fork-run-fa216bda-f967-4c2e-bba7-ee5e2a2a6bb9: TaskStarted(54,8493,Some(AttributeKey[scala.collection.immutable.Map[sbt.ModuleID,sbt.SourcePosition]]("dependencyPositions") in Scope(Build: file:/home/papejajunior/workspace/gitlab/EditorOnline/editor/, , Project: ProjectReference(file:/home/papejajunior/workspace/gitlab/EditorOnline/editor/,root))))
Sending msg to client play-fork-run-fa216bda-f967-4c2e-bba7-ee5e2a2a6bb9: TaskFinished(54,8496,None,true,None)
Sending msg to client play-fork-run-fa216bda-f967-4c2e-bba7-ee5e2a2a6bb9: TaskFinished(54,8500,None,true,None)
Sending msg to client play-fork-run-fa216bda-f967-4c2e-bba7-ee5e2a2a6bb9: TaskFinished(54,8505,Some(AttributeKey[scala.collection.Seq[scala.Tuple2[java.lang.String,java.io.File]]]("playAllAssets") in Scope(Build: file:/home/papejajunior/workspace/gitlab/EditorOnline/editor/, , Project: ProjectReference(file:/home/papejajunior/workspace/gitlab/EditorOnline/editor/,root))),true,None)
Sending msg to client play-fork-run-fa216bda-f967-4c2e-bba7-ee5e2a2a6bb9: TaskFinished(54,8504,Some(AttributeKey[scala.collection.Seq[java.lang.String]]("javaOptions") in Scope(Global)),true,None)
Sending msg to client play-fork-run-fa216bda-f967-4c2e-bba7-ee5e2a2a6bb9: TaskStarted(54,8502,Some(AttributeKey[scala.collection.Seq[java.lang.String]]("javaOptions") in Scope(Build: file:/home/papejajunior/workspace/gitlab/EditorOnline/editor/, )))
Sending msg to client play-fork-run-fa216bda-f967-4c2e-bba7-ee5e2a2a6bb9: TaskFinished(54,8463,None,true,None)
Sending msg to client play-fork-run-fa216bda-f967-4c2e-bba7-ee5e2a2a6bb9: TaskFinished(54,8489,None,true,None)
Sending msg to client play-fork-run-fa216bda-f967-4c2e-bba7-ee5e2a2a6bb9: TaskFinished(54,8495,Some(AttributeKey[boolean]("skip") in Scope(Global)),true,None)
Sending msg to client play-fork-run-fa216bda-f967-4c2e-bba7-ee5e2a2a6bb9: TaskFinished(54,8460,Some(AttributeKey[sbt.Settings[sbt.Scope]]("settingsData") in Scope(Global)),true,None)
Sending msg to client play-fork-run-fa216bda-f967-4c2e-bba7-ee5e2a2a6bb9: TaskStarted(54,8459,None)
Sending msg to client play-fork-run-fa216bda-f967-4c2e-bba7-ee5e2a2a6bb9: TaskStarted(54,8474,None)
Sending msg to client play-fork-run-fa216bda-f967-4c2e-bba7-ee5e2a2a6bb9: TaskStarted(54,8479,Some(AttributeKey[scala.collection.Seq[sbt.ModuleID]]("projectDependencies") in Scope(Build: file:/home/papejajunior/workspace/gitlab/EditorOnline/editor/, , Project: ProjectReference(file:/home/papejajunior/workspace/gitlab/EditorOnline/editor/,root))))
Sending msg to client play-fork-run-fa216bda-f967-4c2e-bba7-ee5e2a2a6bb9: TaskStarted(54,8486,Some(AttributeKey[scala.collection.immutable.Map[org.apache.ivy.core.module.id.ModuleRevisionId,org.apache.ivy.core.module.descriptor.ModuleDescriptor]]("projectDescriptors") in Scope(Build: file:/home/papejajunior/workspace/gitlab/EditorOnline/editor/, , Project: ProjectReference(file:/home/papejajunior/workspace/gitlab/EditorOnline/editor/,root))))
Sending msg to client play-fork-run-fa216bda-f967-4c2e-bba7-ee5e2a2a6bb9: TaskStarted(54,8507,Some(AttributeKey[scala.collection.Seq[java.io.File]]("playMonitoredFiles") in Scope(Build: file:/home/papejajunior/workspace/gitlab/EditorOnline/editor/, , Project: ProjectReference(file:/home/papejajunior/workspace/gitlab/EditorOnline/editor/,root))))
Sending msg to client play-fork-run-fa216bda-f967-4c2e-bba7-ee5e2a2a6bb9: TaskFinished(54,8497,Some(AttributeKey[scala.collection.Seq[sbt.UpdateReport]]("transitiveUpdate") in Scope(Build: file:/home/papejajunior/workspace/gitlab/EditorOnline/editor/, , Project: ProjectReference(file:/home/papejajunior/workspace/gitlab/EditorOnline/editor/,root))),true,None)
Sending msg to client play-fork-run-fa216bda-f967-4c2e-bba7-ee5e2a2a6bb9: TaskFinished(54,8502,Some(AttributeKey[scala.collection.Seq[java.lang.String]]("javaOptions") in Scope(Build: file:/home/papejajunior/workspace/gitlab/EditorOnline/editor/, )),true,None)
Sending msg to client play-fork-run-fa216bda-f967-4c2e-bba7-ee5e2a2a6bb9: TaskStarted(54,8514,None)
Sending msg to client play-fork-run-fa216bda-f967-4c2e-bba7-ee5e2a2a6bb9: TaskStarted(54,8516,None)
Sending msg to client play-fork-run-fa216bda-f967-4c2e-bba7-ee5e2a2a6bb9: TaskStarted(54,8517,None)
Sending msg to client play-fork-run-fa216bda-f967-4c2e-bba7-ee5e2a2a6bb9: TaskStarted(54,8519,None)
Sending msg to client play-fork-run-fa216bda-f967-4c2e-bba7-ee5e2a2a6bb9: TaskStarted(54,8520,None)
Sending msg to client play-fork-run-fa216bda-f967-4c2e-bba7-ee5e2a2a6bb9: TaskStarted(54,8521,None)
Sending msg to client play-fork-run-fa216bda-f967-4c2e-bba7-ee5e2a2a6bb9: TaskFinished(54,8479,Some(AttributeKey[scala.collection.Seq[sbt.ModuleID]]("projectDependencies") in Scope(Build: file:/home/papejajunior/workspace/gitlab/EditorOnline/editor/, , Project: ProjectReference(file:/home/papejajunior/workspace/gitlab/EditorOnline/editor/,root))),true,None)
Sending msg to client play-fork-run-fa216bda-f967-4c2e-bba7-ee5e2a2a6bb9: TaskStarted(54,8478,Some(AttributeKey[scala.collection.Seq[sbt.ModuleID]]("allDependencies") in Scope(Build: file:/home/papejajunior/workspace/gitlab/EditorOnline/editor/, , Project: ProjectReference(file:/home/papejajunior/workspace/gitlab/EditorOnline/editor/,root))))
Sending msg to client play-fork-run-fa216bda-f967-4c2e-bba7-ee5e2a2a6bb9: TaskStarted(54,8523,None)
Sending msg to client play-fork-run-fa216bda-f967-4c2e-bba7-ee5e2a2a6bb9: TaskFinished(54,8516,None,true,None)
Sending msg to client play-fork-run-fa216bda-f967-4c2e-bba7-ee5e2a2a6bb9: TaskStarted(54,8524,None)
Sending msg to client play-fork-run-fa216bda-f967-4c2e-bba7-ee5e2a2a6bb9: TaskFinished(54,8514,None,true,None)
Sending msg to client play-fork-run-fa216bda-f967-4c2e-bba7-ee5e2a2a6bb9: TaskStarted(54,8513,None)
Sending msg to client play-fork-run-fa216bda-f967-4c2e-bba7-ee5e2a2a6bb9: TaskFinished(54,8517,None,true,None)
Sending msg to client play-fork-run-fa216bda-f967-4c2e-bba7-ee5e2a2a6bb9: TaskStarted(54,8515,Some(AttributeKey[scala.collection.Seq[sbt.Attributed[java.io.File]]]("unmanagedJars") in Scope(Build: file:/home/papejajunior/workspace/gitlab/EditorOnline/editor/, , Project: ProjectReference(file:/home/papejajunior/workspace/gitlab/EditorOnline/editor/,root), Config: compile)))
Sending msg to client play-fork-run-fa216bda-f967-4c2e-bba7-ee5e2a2a6bb9: TaskFinished(54,8519,None,true,None)
Sending msg to client play-fork-run-fa216bda-f967-4c2e-bba7-ee5e2a2a6bb9: TaskFinished(54,8520,None,true,None)
Sending msg to client play-fork-run-fa216bda-f967-4c2e-bba7-ee5e2a2a6bb9: TaskStarted(54,8518,Some(AttributeKey[scala.collection.Seq[sbt.Attributed[java.io.File]]]("unmanagedJars") in Scope(Build: file:/home/papejajunior/workspace/gitlab/EditorOnline/editor/, , Project: ProjectReference(file:/home/papejajunior/workspace/gitlab/EditorOnline/editor/,root), Config: runtime)))
Sending msg to client play-fork-run-fa216bda-f967-4c2e-bba7-ee5e2a2a6bb9: TaskFinished(54,8521,None,true,None)
Sending msg to client play-fork-run-fa216bda-f967-4c2e-bba7-ee5e2a2a6bb9: TaskFinished(54,8474,None,true,None)
Sending msg to client play-fork-run-fa216bda-f967-4c2e-bba7-ee5e2a2a6bb9: TaskFinished(54,8478,Some(AttributeKey[scala.collection.Seq[sbt.ModuleID]]("allDependencies") in Scope(Build: file:/home/papejajunior/workspace/gitlab/EditorOnline/editor/, , Project: ProjectReference(file:/home/papejajunior/workspace/gitlab/EditorOnline/editor/,root))),true,None)
Sending msg to client play-fork-run-fa216bda-f967-4c2e-bba7-ee5e2a2a6bb9: TaskStarted(54,8477,Some(AttributeKey[sbt.ModuleSettings]("moduleSettings") in Scope(Build: file:/home/papejajunior/workspace/gitlab/EditorOnline/editor/, , Project: ProjectReference(file:/home/papejajunior/workspace/gitlab/EditorOnline/editor/,root))))
Sending msg to client play-fork-run-fa216bda-f967-4c2e-bba7-ee5e2a2a6bb9: TaskFinished(54,8523,None,true,None)
Sending msg to client play-fork-run-fa216bda-f967-4c2e-bba7-ee5e2a2a6bb9: TaskStarted(54,8522,None)
Sending msg to client play-fork-run-fa216bda-f967-4c2e-bba7-ee5e2a2a6bb9: TaskFinished(54,8524,None,true,None)
Sending msg to client play-fork-run-fa216bda-f967-4c2e-bba7-ee5e2a2a6bb9: TaskFinished(54,8507,Some(AttributeKey[scala.collection.Seq[java.io.File]]("playMonitoredFiles") in Scope(Build: file:/home/papejajunior/workspace/gitlab/EditorOnline/editor/, , Project: ProjectReference(file:/home/papejajunior/workspace/gitlab/EditorOnline/editor/,root))),true,None)
Sending msg to client play-fork-run-fa216bda-f967-4c2e-bba7-ee5e2a2a6bb9: TaskStarted(54,8525,None)
Sending msg to client play-fork-run-fa216bda-f967-4c2e-bba7-ee5e2a2a6bb9: TaskFinished(54,8515,Some(AttributeKey[scala.collection.Seq[sbt.Attributed[java.io.File]]]("unmanagedJars") in Scope(Build: file:/home/papejajunior/workspace/gitlab/EditorOnline/editor/, , Project: ProjectReference(file:/home/papejajunior/workspace/gitlab/EditorOnline/editor/,root), Config: compile)),true,None)
Sending msg to client play-fork-run-fa216bda-f967-4c2e-bba7-ee5e2a2a6bb9: TaskFinished(54,8518,Some(AttributeKey[scala.collection.Seq[sbt.Attributed[java.io.File]]]("unmanagedJars") in Scope(Build: file:/home/papejajunior/workspace/gitlab/EditorOnline/editor/, , Project: ProjectReference(file:/home/papejajunior/workspace/gitlab/EditorOnline/editor/,root), Config: runtime)),true,None)
Sending msg to client play-fork-run-fa216bda-f967-4c2e-bba7-ee5e2a2a6bb9: TaskFinished(54,8477,Some(AttributeKey[sbt.ModuleSettings]("moduleSettings") in Scope(Build: file:/home/papejajunior/workspace/gitlab/EditorOnline/editor/, , Project: ProjectReference(file:/home/papejajunior/workspace/gitlab/EditorOnline/editor/,root))),true,None)
Sending msg to client play-fork-run-fa216bda-f967-4c2e-bba7-ee5e2a2a6bb9: TaskFinished(54,8522,None,true,None)
Sending msg to client play-fork-run-fa216bda-f967-4c2e-bba7-ee5e2a2a6bb9: TaskFinished(54,8486,Some(AttributeKey[scala.collection.immutable.Map[org.apache.ivy.core.module.id.ModuleRevisionId,org.apache.ivy.core.module.descriptor.ModuleDescriptor]]("projectDescriptors") in Scope(Build: file:/home/papejajunior/workspace/gitlab/EditorOnline/editor/, , Project: ProjectReference(file:/home/papejajunior/workspace/gitlab/EditorOnline/editor/,root))),true,None)
Sending msg to client play-fork-run-fa216bda-f967-4c2e-bba7-ee5e2a2a6bb9: TaskStarted(54,8485,Some(AttributeKey[sbt.Resolver]("projectResolver") in Scope(Build: file:/home/papejajunior/workspace/gitlab/EditorOnline/editor/, , Project: ProjectReference(file:/home/papejajunior/workspace/gitlab/EditorOnline/editor/,root))))
Sending msg to client play-fork-run-fa216bda-f967-4c2e-bba7-ee5e2a2a6bb9: TaskFinished(54,8493,Some(AttributeKey[scala.collection.immutable.Map[sbt.ModuleID,sbt.SourcePosition]]("dependencyPositions") in Scope(Build: file:/home/papejajunior/workspace/gitlab/EditorOnline/editor/, , Project: ProjectReference(file:/home/papejajunior/workspace/gitlab/EditorOnline/editor/,root))),true,None)
Sending msg to client play-fork-run-fa216bda-f967-4c2e-bba7-ee5e2a2a6bb9: TaskStarted(54,8492,Some(AttributeKey[sbt.UnresolvedWarningConfiguration]("unresolvedWarningConfiguration") in Scope(Build: file:/home/papejajunior/workspace/gitlab/EditorOnline/editor/, , Project: ProjectReference(file:/home/papejajunior/workspace/gitlab/EditorOnline/editor/,root), Task: AttributeKey[sbt.UpdateReport]("update"))))
Sending msg to client play-fork-run-fa216bda-f967-4c2e-bba7-ee5e2a2a6bb9: TaskFinished(54,8485,Some(AttributeKey[sbt.Resolver]("projectResolver") in Scope(Build: file:/home/papejajunior/workspace/gitlab/EditorOnline/editor/, , Project: ProjectReference(file:/home/papejajunior/workspace/gitlab/EditorOnline/editor/,root))),true,None)
Sending msg to client play-fork-run-fa216bda-f967-4c2e-bba7-ee5e2a2a6bb9: TaskStarted(54,8483,Some(AttributeKey[scala.collection.Seq[sbt.Resolver]]("fullResolvers") in Scope(Build: file:/home/papejajunior/workspace/gitlab/EditorOnline/editor/, , Project: ProjectReference(file:/home/papejajunior/workspace/gitlab/EditorOnline/editor/,root))))
Sending msg to client play-fork-run-fa216bda-f967-4c2e-bba7-ee5e2a2a6bb9: TaskFinished(54,8492,Some(AttributeKey[sbt.UnresolvedWarningConfiguration]("unresolvedWarningConfiguration") in Scope(Build: file:/home/papejajunior/workspace/gitlab/EditorOnline/editor/, , Project: ProjectReference(file:/home/papejajunior/workspace/gitlab/EditorOnline/editor/,root), Task: AttributeKey[sbt.UpdateReport]("update"))),true,None)
Sending msg to client play-fork-run-fa216bda-f967-4c2e-bba7-ee5e2a2a6bb9: TaskFinished(54,8525,None,true,None)
Sending msg to client play-fork-run-fa216bda-f967-4c2e-bba7-ee5e2a2a6bb9: TaskFinished(54,8513,None,true,None)
Sending msg to client play-fork-run-fa216bda-f967-4c2e-bba7-ee5e2a2a6bb9: TaskStarted(54,8512,Some(AttributeKey[scala.collection.Seq[sbt.Attributed[java.io.File]]]("unmanagedJars") in Scope(Build: file:/home/papejajunior/workspace/gitlab/EditorOnline/editor/, , Project: ProjectReference(file:/home/papejajunior/workspace/gitlab/EditorOnline/editor/,root), Config: compile)))
Sending msg to client play-fork-run-fa216bda-f967-4c2e-bba7-ee5e2a2a6bb9: TaskFinished(54,8483,Some(AttributeKey[scala.collection.Seq[sbt.Resolver]]("fullResolvers") in Scope(Build: file:/home/papejajunior/workspace/gitlab/EditorOnline/editor/, , Project: ProjectReference(file:/home/papejajunior/workspace/gitlab/EditorOnline/editor/,root))),true,None)
Sending msg to client play-fork-run-fa216bda-f967-4c2e-bba7-ee5e2a2a6bb9: TaskStarted(54,8481,Some(AttributeKey[sbt.IvyConfiguration]("ivyConfiguration") in Scope(Build: file:/home/papejajunior/workspace/gitlab/EditorOnline/editor/, , Project: ProjectReference(file:/home/papejajunior/workspace/gitlab/EditorOnline/editor/,root))))
Sending msg to client play-fork-run-fa216bda-f967-4c2e-bba7-ee5e2a2a6bb9: TaskFinished(54,8512,Some(AttributeKey[scala.collection.Seq[sbt.Attributed[java.io.File]]]("unmanagedJars") in Scope(Build: file:/home/papejajunior/workspace/gitlab/EditorOnline/editor/, , Project: ProjectReference(file:/home/papejajunior/workspace/gitlab/EditorOnline/editor/,root), Config: compile)),true,None)
Sending msg to client play-fork-run-fa216bda-f967-4c2e-bba7-ee5e2a2a6bb9: TaskStarted(54,8511,None)
Sending msg to client play-fork-run-fa216bda-f967-4c2e-bba7-ee5e2a2a6bb9: TaskFinished(54,8481,Some(AttributeKey[sbt.IvyConfiguration]("ivyConfiguration") in Scope(Build: file:/home/papejajunior/workspace/gitlab/EditorOnline/editor/, , Project: ProjectReference(file:/home/papejajunior/workspace/gitlab/EditorOnline/editor/,root))),true,None)
Sending msg to client play-fork-run-fa216bda-f967-4c2e-bba7-ee5e2a2a6bb9: TaskStarted(54,8480,Some(AttributeKey[sbt.IvySbt]("ivySbt") in Scope(Build: file:/home/papejajunior/workspace/gitlab/EditorOnline/editor/, , Project: ProjectReference(file:/home/papejajunior/workspace/gitlab/EditorOnline/editor/,root))))
Sending msg to client play-fork-run-fa216bda-f967-4c2e-bba7-ee5e2a2a6bb9: TaskFinished(54,8511,None,true,None)
Sending msg to client play-fork-run-fa216bda-f967-4c2e-bba7-ee5e2a2a6bb9: TaskStarted(54,8510,None)
Sending msg to client play-fork-run-fa216bda-f967-4c2e-bba7-ee5e2a2a6bb9: TaskFinished(54,8510,None,true,None)
Sending msg to client play-fork-run-fa216bda-f967-4c2e-bba7-ee5e2a2a6bb9: TaskFinished(54,8459,None,true,None)
Sending msg to client play-fork-run-fa216bda-f967-4c2e-bba7-ee5e2a2a6bb9: TaskStarted(54,8458,Some(AttributeKey[scala.collection.Seq[sbt.Attributed[java.io.File]]]("unmanagedClasspath") in Scope(Build: file:/home/papejajunior/workspace/gitlab/EditorOnline/editor/, , Project: ProjectReference(file:/home/papejajunior/workspace/gitlab/EditorOnline/editor/,root), Config: runtime)))
Sending msg to client play-fork-run-fa216bda-f967-4c2e-bba7-ee5e2a2a6bb9: TaskFinished(54,8458,Some(AttributeKey[scala.collection.Seq[sbt.Attributed[java.io.File]]]("unmanagedClasspath") in Scope(Build: file:/home/papejajunior/workspace/gitlab/EditorOnline/editor/, , Project: ProjectReference(file:/home/papejajunior/workspace/gitlab/EditorOnline/editor/,root), Config: runtime)),true,None)
Sending msg to client play-fork-run-fa216bda-f967-4c2e-bba7-ee5e2a2a6bb9: TaskFinished(54,8480,Some(AttributeKey[sbt.IvySbt]("ivySbt") in Scope(Build: file:/home/papejajunior/workspace/gitlab/EditorOnline/editor/, , Project: ProjectReference(file:/home/papejajunior/workspace/gitlab/EditorOnline/editor/,root))),true,None)
Sending msg to client play-fork-run-fa216bda-f967-4c2e-bba7-ee5e2a2a6bb9: TaskStarted(54,8476,Some(AttributeKey[sbt.IvySbt$Module]("ivyModule") in Scope(Build: file:/home/papejajunior/workspace/gitlab/EditorOnline/editor/, , Project: ProjectReference(file:/home/papejajunior/workspace/gitlab/EditorOnline/editor/,root))))
Sending msg to client play-fork-run-fa216bda-f967-4c2e-bba7-ee5e2a2a6bb9: TaskFinished(54,8476,Some(AttributeKey[sbt.IvySbt$Module]("ivyModule") in Scope(Build: file:/home/papejajunior/workspace/gitlab/EditorOnline/editor/, , Project: ProjectReference(file:/home/papejajunior/workspace/gitlab/EditorOnline/editor/,root))),true,None)
Sending msg to client play-fork-run-fa216bda-f967-4c2e-bba7-ee5e2a2a6bb9: TaskStarted(54,8471,Some(AttributeKey[sbt.UpdateReport]("update") in Scope(Build: file:/home/papejajunior/workspace/gitlab/EditorOnline/editor/, , Project: ProjectReference(file:/home/papejajunior/workspace/gitlab/EditorOnline/editor/,root))))
Sending msg to client play-fork-run-fa216bda-f967-4c2e-bba7-ee5e2a2a6bb9: TaskFinished(54,8471,Some(AttributeKey[sbt.UpdateReport]("update") in Scope(Build: file:/home/papejajunior/workspace/gitlab/EditorOnline/editor/, , Project: ProjectReference(file:/home/papejajunior/workspace/gitlab/EditorOnline/editor/,root))),true,None)
Sending msg to client play-fork-run-fa216bda-f967-4c2e-bba7-ee5e2a2a6bb9: TaskStarted(54,8470,Some(AttributeKey[sbt.UpdateReport]("update") in Scope(Build: file:/home/papejajunior/workspace/gitlab/EditorOnline/editor/, , Project: ProjectReference(file:/home/papejajunior/workspace/gitlab/EditorOnline/editor/,root))))
Sending msg to client play-fork-run-fa216bda-f967-4c2e-bba7-ee5e2a2a6bb9: TaskFinished(54,8470,Some(AttributeKey[sbt.UpdateReport]("update") in Scope(Build: file:/home/papejajunior/workspace/gitlab/EditorOnline/editor/, , Project: ProjectReference(file:/home/papejajunior/workspace/gitlab/EditorOnline/editor/,root))),true,None)
Sending msg to client play-fork-run-fa216bda-f967-4c2e-bba7-ee5e2a2a6bb9: TaskStarted(54,8468,Some(AttributeKey[sbt.Configuration]("classpathConfiguration") in Scope(Build: file:/home/papejajunior/workspace/gitlab/EditorOnline/editor/, , Project: ProjectReference(file:/home/papejajunior/workspace/gitlab/EditorOnline/editor/,root), Config: compile)))
Sending msg to client play-fork-run-fa216bda-f967-4c2e-bba7-ee5e2a2a6bb9: TaskStarted(54,8501,Some(AttributeKey[scala.collection.Seq[sbt.Attributed[java.io.File]]]("managedClasspath") in Scope(Build: file:/home/papejajunior/workspace/gitlab/EditorOnline/editor/, , Project: ProjectReference(file:/home/papejajunior/workspace/gitlab/EditorOnline/editor/,root), Config: docs)))
Sending msg to client play-fork-run-fa216bda-f967-4c2e-bba7-ee5e2a2a6bb9: TaskFinished(54,8468,Some(AttributeKey[sbt.Configuration]("classpathConfiguration") in Scope(Build: file:/home/papejajunior/workspace/gitlab/EditorOnline/editor/, , Project: ProjectReference(file:/home/papejajunior/workspace/gitlab/EditorOnline/editor/,root), Config: compile)),true,None)
Sending msg to client play-fork-run-fa216bda-f967-4c2e-bba7-ee5e2a2a6bb9: TaskStarted(54,8467,None)
Sending msg to client play-fork-run-fa216bda-f967-4c2e-bba7-ee5e2a2a6bb9: TaskFinished(54,8467,None,true,None)
Sending msg to client play-fork-run-fa216bda-f967-4c2e-bba7-ee5e2a2a6bb9: TaskStarted(54,8466,Some(AttributeKey[sbt.Configuration]("classpathConfiguration") in Scope(Build: file:/home/papejajunior/workspace/gitlab/EditorOnline/editor/, , Project: ProjectReference(file:/home/papejajunior/workspace/gitlab/EditorOnline/editor/,root), Config: runtime)))
Sending msg to client play-fork-run-fa216bda-f967-4c2e-bba7-ee5e2a2a6bb9: TaskFinished(54,8501,Some(AttributeKey[scala.collection.Seq[sbt.Attributed[java.io.File]]]("managedClasspath") in Scope(Build: file:/home/papejajunior/workspace/gitlab/EditorOnline/editor/, , Project: ProjectReference(file:/home/papejajunior/workspace/gitlab/EditorOnline/editor/,root), Config: docs)),true,None)
Sending msg to client play-fork-run-fa216bda-f967-4c2e-bba7-ee5e2a2a6bb9: TaskStarted(54,8509,Some(AttributeKey[scala.Option[java.io.File]]("playDocsJar") in Scope(Build: file:/home/papejajunior/workspace/gitlab/EditorOnline/editor/, , Project: ProjectReference(file:/home/papejajunior/workspace/gitlab/EditorOnline/editor/,root))))
Sending msg to client play-fork-run-fa216bda-f967-4c2e-bba7-ee5e2a2a6bb9: TaskFinished(54,8466,Some(AttributeKey[sbt.Configuration]("classpathConfiguration") in Scope(Build: file:/home/papejajunior/workspace/gitlab/EditorOnline/editor/, , Project: ProjectReference(file:/home/papejajunior/workspace/gitlab/EditorOnline/editor/,root), Config: runtime)),true,None)
Sending msg to client play-fork-run-fa216bda-f967-4c2e-bba7-ee5e2a2a6bb9: TaskStarted(54,8465,None)
Sending msg to client play-fork-run-fa216bda-f967-4c2e-bba7-ee5e2a2a6bb9: TaskFinished(54,8509,Some(AttributeKey[scala.Option[java.io.File]]("playDocsJar") in Scope(Build: file:/home/papejajunior/workspace/gitlab/EditorOnline/editor/, , Project: ProjectReference(file:/home/papejajunior/workspace/gitlab/EditorOnline/editor/,root))),true,None)
Sending msg to client play-fork-run-fa216bda-f967-4c2e-bba7-ee5e2a2a6bb9: TaskFinished(54,8465,None,true,None)
Sending msg to client play-fork-run-fa216bda-f967-4c2e-bba7-ee5e2a2a6bb9: TaskStarted(54,8464,Some(AttributeKey[scala.collection.Seq[sbt.Attributed[java.io.File]]]("managedClasspath") in Scope(Build: file:/home/papejajunior/workspace/gitlab/EditorOnline/editor/, , Project: ProjectReference(file:/home/papejajunior/workspace/gitlab/EditorOnline/editor/,root), Config: runtime)))
Sending msg to client play-fork-run-fa216bda-f967-4c2e-bba7-ee5e2a2a6bb9: TaskFinished(54,8464,Some(AttributeKey[scala.collection.Seq[sbt.Attributed[java.io.File]]]("managedClasspath") in Scope(Build: file:/home/papejajunior/workspace/gitlab/EditorOnline/editor/, , Project: ProjectReference(file:/home/papejajunior/workspace/gitlab/EditorOnline/editor/,root), Config: runtime)),true,None)
Sending msg to client play-fork-run-fa216bda-f967-4c2e-bba7-ee5e2a2a6bb9: TaskStarted(54,8457,None)
Sending msg to client play-fork-run-fa216bda-f967-4c2e-bba7-ee5e2a2a6bb9: TaskFinished(54,8457,None,true,None)
Sending msg to client play-fork-run-fa216bda-f967-4c2e-bba7-ee5e2a2a6bb9: TaskStarted(54,8454,Some(AttributeKey[scala.collection.Seq[sbt.Attributed[java.io.File]]]("playDependencyClasspath") in Scope(Build: file:/home/papejajunior/workspace/gitlab/EditorOnline/editor/, , Project: ProjectReference(file:/home/papejajunior/workspace/gitlab/EditorOnline/editor/,root))))
Sending msg to client play-fork-run-fa216bda-f967-4c2e-bba7-ee5e2a2a6bb9: TaskFinished(54,8454,Some(AttributeKey[scala.collection.Seq[sbt.Attributed[java.io.File]]]("playDependencyClasspath") in Scope(Build: file:/home/papejajunior/workspace/gitlab/EditorOnline/editor/, , Project: ProjectReference(file:/home/papejajunior/workspace/gitlab/EditorOnline/editor/,root))),true,None)
Sending msg to client play-fork-run-fa216bda-f967-4c2e-bba7-ee5e2a2a6bb9: TaskStarted(54,8452,Some(AttributeKey[play.forkrun.protocol.ForkConfig]("playForkConfig") in Scope(Build: file:/home/papejajunior/workspace/gitlab/EditorOnline/editor/, , Project: ProjectReference(file:/home/papejajunior/workspace/gitlab/EditorOnline/editor/,root))))
Sending msg to client play-fork-run-fa216bda-f967-4c2e-bba7-ee5e2a2a6bb9: TaskFinished(54,8452,Some(AttributeKey[play.forkrun.protocol.ForkConfig]("playForkConfig") in Scope(Build: file:/home/papejajunior/workspace/gitlab/EditorOnline/editor/, , Project: ProjectReference(file:/home/papejajunior/workspace/gitlab/EditorOnline/editor/,root))),true,None)
Sending msg to client play-fork-run-fa216bda-f967-4c2e-bba7-ee5e2a2a6bb9: ValueChanged(AttributeKey[play.forkrun.protocol.ForkConfig]("playForkConfig") in Scope(Build: file:/home/papejajunior/workspace/gitlab/EditorOnline/editor/, , Project: ProjectReference(file:/home/papejajunior/workspace/gitlab/EditorOnline/editor/,root)),TaskSuccess(BuildValue(LazyValue(ForkConfig(/home/papejajunior/workspace/gitlab/EditorOnline/editor,List(-Djna.nosys=true),List(/home/papejajunior/.ivy2/cache/org.scala-lang/scala-library/jars/scala-library-2.11.7.jar, /home/papejajunior/.ivy2/cache/com.typesafe.play/twirl-api_2.11/jars/twirl-api_2.11-1.1.1.jar, /home/papejajunior/.ivy2/cache/org.apache.commons/commons-lang3/jars/commons-lang3-3.4.jar, /home/papejajunior/.ivy2/cache/org.scala-lang.modules/scala-xml_2.11/bundles/scala-xml_2.11-1.0.1.jar, /home/papejajunior/.ivy2/cache/com.typesafe.play/play-server_2.11/jars/play-server_2.11-2.5.4.jar, /home/papejajunior/.ivy2/cache/com.typesafe.play/play_2.11/jars/play_2.11-2.5.4.jar, /home/papejajunior/.ivy2/cache/com.typesafe.play/build-link/jars/build-link-2.5.4.jar, /home/papejajunior/.ivy2/cache/com.typesafe.play/play-exceptions/jars/play-exceptions-2.5.4.jar, /home/papejajunior/.ivy2/cache/com.typesafe.play/play-iteratees_2.11/jars/play-iteratees_2.11-2.5.4.jar, /home/papejajunior/.ivy2/cache/org.scala-stm/scala-stm_2.11/jars/scala-stm_2.11-0.7.jar, /home/papejajunior/.ivy2/cache/com.typesafe/config/bundles/config-1.3.0.jar, /home/papejajunior/.ivy2/cache/ch.qos.logback/logback-classic/jars/logback-classic-1.1.7.jar, /home/papejajunior/.ivy2/cache/ch.qos.logback/logback-core/jars/logback-core-1.1.7.jar, /home/papejajunior/.ivy2/cache/com.typesafe.play/play-json_2.11/jars/play-json_2.11-2.5.4.jar, /home/papejajunior/.ivy2/cache/com.typesafe.play/play-functional_2.11/jars/play-functional_2.11-2.5.4.jar, /home/papejajunior/.ivy2/cache/com.typesafe.play/play-datacommons_2.11/jars/play-datacommons_2.11-2.5.4.jar, /home/papejajunior/.ivy2/cache/joda-time/joda-time/jars/joda-time-2.9.2.jar, /home/papejajunior/.ivy2/cache/org.joda/joda-convert/jars/joda-convert-1.8.1.jar, /home/papejajunior/.ivy2/cache/org.scala-lang/scala-reflect/jars/scala-reflect-2.11.7.jar, /home/papejajunior/.ivy2/cache/com.fasterxml.jackson.core/jackson-core/bundles/jackson-core-2.7.1.jar, /home/papejajunior/.ivy2/cache/com.fasterxml.jackson.core/jackson-annotations/bundles/jackson-annotations-2.7.1.jar, /home/papejajunior/.ivy2/cache/com.fasterxml.jackson.core/jackson-databind/bundles/jackson-databind-2.7.1.jar, /home/papejajunior/.ivy2/cache/com.fasterxml.jackson.datatype/jackson-datatype-jdk8/bundles/jackson-datatype-jdk8-2.7.1.jar, /home/papejajunior/.ivy2/cache/com.fasterxml.jackson.datatype/jackson-datatype-jsr310/bundles/jackson-datatype-jsr310-2.7.1.jar, /home/papejajunior/.ivy2/cache/com.typesafe.play/play-netty-utils/jars/play-netty-utils-2.5.4.jar, /home/papejajunior/.ivy2/cache/org.slf4j/jul-to-slf4j/jars/jul-to-slf4j-1.7.19.jar, /home/papejajunior/.ivy2/cache/org.slf4j/jcl-over-slf4j/jars/jcl-over-slf4j-1.7.19.jar, /home/papejajunior/.ivy2/cache/com.typesafe.play/play-streams_2.11/jars/play-streams_2.11-2.5.4.jar, /home/papejajunior/.ivy2/cache/org.reactivestreams/reactive-streams/jars/reactive-streams-1.0.0.jar, /home/papejajunior/.ivy2/cache/com.typesafe.akka/akka-stream_2.11/jars/akka-stream_2.11-2.4.4.jar, /home/papejajunior/.ivy2/cache/com.typesafe.akka/akka-actor_2.11/jars/akka-actor_2.11-2.4.4.jar, /home/papejajunior/.ivy2/cache/org.scala-lang.modules/scala-java8-compat_2.11/bundles/scala-java8-compat_2.11-0.7.0.jar, /home/papejajunior/.ivy2/cache/com.typesafe/ssl-config-akka_2.11/bundles/ssl-config-akka_2.11-0.2.1.jar, /home/papejajunior/.ivy2/cache/com.typesafe/ssl-config-core_2.11/bundles/ssl-config-core_2.11-0.2.1.jar, /home/papejajunior/.ivy2/cache/org.scala-lang.modules/scala-parser-combinators_2.11/bundles/scala-parser-combinators_2.11-1.0.4.jar, /home/papejajunior/.ivy2/cache/com.typesafe.akka/akka-slf4j_2.11/jars/akka-slf4j_2.11-2.4.4.jar, /home/papejajunior/.ivy2/cache/commons-codec/commons-codec/jars/commons-codec-1.10.jar, /home/papejajunior/.ivy2/cache/xerces/xercesImpl/jars/xercesImpl-2.11.0.jar, /home/papejajunior/.ivy2/cache/xml-apis/xml-apis/jars/xml-apis-1.4.01.jar, /home/papejajunior/.ivy2/cache/javax.transaction/jta/jars/jta-1.1.jar, /home/papejajunior/.ivy2/cache/com.google.inject/guice/jars/guice-4.0.jar, /home/papejajunior/.ivy2/cache/javax.inject/javax.inject/jars/javax.inject-1.jar, /home/papejajunior/.ivy2/cache/aopalliance/aopalliance/jars/aopalliance-1.0.jar, /home/papejajunior/.ivy2/cache/com.google.inject.extensions/guice-assistedinject/jars/guice-assistedinject-4.0.jar, /home/papejajunior/.ivy2/cache/com.typesafe.play/play-netty-server_2.11/jars/play-netty-server_2.11-2.5.4.jar, /home/papejajunior/.ivy2/cache/com.typesafe.netty/netty-reactive-streams-http/jars/netty-reactive-streams-http-1.0.6.jar, /home/papejajunior/.ivy2/cache/com.typesafe.netty/netty-reactive-streams/jars/netty-reactive-streams-1.0.6.jar, /home/papejajunior/.ivy2/cache/io.netty/netty-handler/jars/netty-handler-4.0.36.Final.jar, /home/papejajunior/.ivy2/cache/io.netty/netty-buffer/jars/netty-buffer-4.0.36.Final.jar, /home/papejajunior/.ivy2/cache/io.netty/netty-common/jars/netty-common-4.0.36.Final.jar, /home/papejajunior/.ivy2/cache/io.netty/netty-transport/jars/netty-transport-4.0.36.Final.jar, /home/papejajunior/.ivy2/cache/io.netty/netty-codec/jars/netty-codec-4.0.36.Final.jar, /home/papejajunior/.ivy2/cache/io.netty/netty-codec-http/jars/netty-codec-http-4.0.36.Final.jar, /home/papejajunior/.ivy2/cache/io.netty/netty-transport-native-epoll/jars/netty-transport-native-epoll-4.0.36.Final-linux-x86_64.jar, /home/papejajunior/.ivy2/cache/com.typesafe.play/play-logback_2.11/jars/play-logback_2.11-2.5.4.jar, /home/papejajunior/.ivy2/cache/com.typesafe.play/play-jdbc_2.11/jars/play-jdbc_2.11-2.5.4.jar, /home/papejajunior/.ivy2/cache/com.typesafe.play/play-jdbc-api_2.11/jars/play-jdbc-api_2.11-2.5.4.jar, /home/papejajunior/.ivy2/cache/com.jolbox/bonecp/bundles/bonecp-0.8.0.RELEASE.jar, /home/papejajunior/.ivy2/cache/com.zaxxer/HikariCP/bundles/HikariCP-2.4.3.jar, /home/papejajunior/.ivy2/cache/com.googlecode.usc/jdbcdslog/jars/jdbcdslog-1.0.6.2.jar, /home/papejajunior/.ivy2/cache/com.h2database/h2/jars/h2-1.4.191.jar, /home/papejajunior/.ivy2/cache/tyrex/tyrex/jars/tyrex-1.0.1.jar, /home/papejajunior/.ivy2/cache/com.typesafe.play/play-cache_2.11/jars/play-cache_2.11-2.5.4.jar, /home/papejajunior/.ivy2/cache/net.sf.ehcache/ehcache-core/jars/ehcache-core-2.6.11.jar, /home/papejajunior/.ivy2/cache/com.typesafe.play/play-ws_2.11/jars/play-ws_2.11-2.5.4.jar, /home/papejajunior/.ivy2/cache/com.google.guava/guava/bundles/guava-19.0.jar, /home/papejajunior/.ivy2/cache/org.asynchttpclient/async-http-client/jars/async-http-client-2.0.2.jar, /home/papejajunior/.ivy2/cache/org.asynchttpclient/netty-resolver-dns/jars/netty-resolver-dns-2.0.2.jar, /home/papejajunior/.ivy2/cache/org.asynchttpclient/netty-resolver/jars/netty-resolver-2.0.2.jar, /home/papejajunior/.ivy2/cache/org.slf4j/slf4j-api/jars/slf4j-api-1.7.21.jar, /home/papejajunior/.ivy2/cache/org.asynchttpclient/netty-codec-dns/jars/netty-codec-dns-2.0.2.jar, /home/papejajunior/.ivy2/cache/org.javassist/javassist/bundles/javassist-3.20.0-GA.jar, /home/papejajunior/.ivy2/cache/oauth.signpost/signpost-core/jars/signpost-core-1.2.1.2.jar, /home/papejajunior/.ivy2/cache/oauth.signpost/signpost-commonshttp4/jars/signpost-commonshttp4-1.2.1.2.jar, /home/papejajunior/.ivy2/cache/org.apache.httpcomponents/httpcore/jars/httpcore-4.0.1.jar, /home/papejajunior/.ivy2/cache/org.apache.httpcomponents/httpclient/jars/httpclient-4.0.1.jar, /home/papejajunior/.ivy2/cache/commons-logging/commons-logging/jars/commons-logging-1.1.1.jar),List((public/,/home/papejajunior/workspace/gitlab/EditorOnline/editor/target/web/public/main)),List(/home/papejajunior/.ivy2/cache/com.typesafe.play/play-omnidoc_2.11/jars/play-omnidoc_2.11-2.5.4.jar, /home/papejajunior/.ivy2/cache/org.scala-lang/scala-library/jars/scala-library-2.11.7.jar, /home/papejajunior/.ivy2/cache/com.typesafe.play/play-docs_2.11/jars/play-docs_2.11-2.5.4.jar, /home/papejajunior/.ivy2/cache/com.typesafe.play/play-netty-server_2.11/jars/play-netty-server_2.11-2.5.4.jar, /home/papejajunior/.ivy2/cache/com.typesafe.play/play-server_2.11/jars/play-server_2.11-2.5.4.jar, /home/papejajunior/.ivy2/cache/com.typesafe.play/play_2.11/jars/play_2.11-2.5.4.jar, /home/papejajunior/.ivy2/cache/com.typesafe.play/build-link/jars/build-link-2.5.4.jar, /home/papejajunior/.ivy2/cache/com.typesafe.play/play-exceptions/jars/play-exceptions-2.5.4.jar, /home/papejajunior/.ivy2/cache/com.typesafe.play/play-iteratees_2.11/jars/play-iteratees_2.11-2.5.4.jar, /home/papejajunior/.ivy2/cache/org.scala-stm/scala-stm_2.11/jars/scala-stm_2.11-0.7.jar, /home/papejajunior/.ivy2/cache/com.typesafe/config/bundles/config-1.3.0.jar, /home/papejajunior/.ivy2/cache/ch.qos.logback/logback-classic/jars/logback-classic-1.1.7.jar, /home/papejajunior/.ivy2/cache/ch.qos.logback/logback-core/jars/logback-core-1.1.7.jar, /home/papejajunior/.ivy2/cache/org.slf4j/slf4j-api/jars/slf4j-api-1.7.19.jar, /home/papejajunior/.ivy2/cache/com.typesafe.play/play-json_2.11/jars/play-json_2.11-2.5.4.jar, /home/papejajunior/.ivy2/cache/com.typesafe.play/play-functional_2.11/jars/play-functional_2.11-2.5.4.jar, /home/papejajunior/.ivy2/cache/com.typesafe.play/play-datacommons_2.11/jars/play-datacommons_2.11-2.5.4.jar, /home/papejajunior/.ivy2/cache/joda-time/joda-time/jars/joda-time-2.9.2.jar, /home/papejajunior/.ivy2/cache/org.joda/joda-convert/jars/joda-convert-1.8.1.jar, /home/papejajunior/.ivy2/cache/org.scala-lang/scala-reflect/jars/scala-reflect-2.11.7.jar, /home/papejajunior/.ivy2/cache/com.fasterxml.jackson.core/jackson-core/bundles/jackson-core-2.7.1.jar, /home/papejajunior/.ivy2/cache/com.fasterxml.jackson.core/jackson-annotations/bundles/jackson-annotations-2.7.1.jar, /home/papejajunior/.ivy2/cache/com.fasterxml.jackson.core/jackson-databind/bundles/jackson-databind-2.7.1.jar, /home/papejajunior/.ivy2/cache/com.fasterxml.jackson.datatype/jackson-datatype-jdk8/bundles/jackson-datatype-jdk8-2.7.1.jar, /home/papejajunior/.ivy2/cache/com.fasterxml.jackson.datatype/jackson-datatype-jsr310/bundles/jackson-datatype-jsr310-2.7.1.jar, /home/papejajunior/.ivy2/cache/com.typesafe.play/play-netty-utils/jars/play-netty-utils-2.5.4.jar, /home/papejajunior/.ivy2/cache/org.slf4j/jul-to-slf4j/jars/jul-to-slf4j-1.7.19.jar, /home/papejajunior/.ivy2/cache/org.slf4j/jcl-over-slf4j/jars/jcl-over-slf4j-1.7.19.jar, /home/papejajunior/.ivy2/cache/com.typesafe.play/play-streams_2.11/jars/play-streams_2.11-2.5.4.jar, /home/papejajunior/.ivy2/cache/org.reactivestreams/reactive-streams/jars/reactive-streams-1.0.0.jar, /home/papejajunior/.ivy2/cache/com.typesafe.akka/akka-stream_2.11/jars/akka-stream_2.11-2.4.4.jar, /home/papejajunior/.ivy2/cache/com.typesafe.akka/akka-actor_2.11/jars/akka-actor_2.11-2.4.4.jar, /home/papejajunior/.ivy2/cache/org.scala-lang.modules/scala-java8-compat_2.11/bundles/scala-java8-compat_2.11-0.7.0.jar, /home/papejajunior/.ivy2/cache/com.typesafe/ssl-config-akka_2.11/bundles/ssl-config-akka_2.11-0.2.1.jar, /home/papejajunior/.ivy2/cache/com.typesafe/ssl-config-core_2.11/bundles/ssl-config-core_2.11-0.2.1.jar, /home/papejajunior/.ivy2/cache/org.scala-lang.modules/scala-parser-combinators_2.11/bundles/scala-parser-combinators_2.11-1.0.4.jar, /home/papejajunior/.ivy2/cache/com.typesafe.play/twirl-api_2.11/jars/twirl-api_2.11-1.1.1.jar, /home/papejajunior/.ivy2/cache/org.apache.commons/commons-lang3/jars/commons-lang3-3.4.jar, /home/papejajunior/.ivy2/cache/org.scala-lang.modules/scala-xml_2.11/bundles/scala-xml_2.11-1.0.1.jar, /home/papejajunior/.ivy2/cache/com.typesafe.akka/akka-slf4j_2.11/jars/akka-slf4j_2.11-2.4.4.jar, /home/papejajunior/.ivy2/cache/commons-codec/commons-codec/jars/commons-codec-1.10.jar, /home/papejajunior/.ivy2/cache/xerces/xercesImpl/jars/xercesImpl-2.11.0.jar, /home/papejajunior/.ivy2/cache/xml-apis/xml-apis/jars/xml-apis-1.4.01.jar, /home/papejajunior/.ivy2/cache/javax.transaction/jta/jars/jta-1.1.jar, /home/papejajunior/.ivy2/cache/com.google.inject/guice/jars/guice-4.0.jar, /home/papejajunior/.ivy2/cache/javax.inject/javax.inject/jars/javax.inject-1.jar, /home/papejajunior/.ivy2/cache/aopalliance/aopalliance/jars/aopalliance-1.0.jar, /home/papejajunior/.ivy2/cache/com.google.guava/guava/bundles/guava-16.0.1.jar, /home/papejajunior/.ivy2/cache/com.google.inject.extensions/guice-assistedinject/jars/guice-assistedinject-4.0.jar, /home/papejajunior/.ivy2/cache/com.typesafe.netty/netty-reactive-streams-http/jars/netty-reactive-streams-http-1.0.6.jar, /home/papejajunior/.ivy2/cache/com.typesafe.netty/netty-reactive-streams/jars/netty-reactive-streams-1.0.6.jar, /home/papejajunior/.ivy2/cache/io.netty/netty-handler/jars/netty-handler-4.0.36.Final.jar, /home/papejajunior/.ivy2/cache/io.netty/netty-buffer/jars/netty-buffer-4.0.36.Final.jar, /home/papejajunior/.ivy2/cache/io.netty/netty-common/jars/netty-common-4.0.36.Final.jar, /home/papejajunior/.ivy2/cache/io.netty/netty-transport/jars/netty-transport-4.0.36.Final.jar, /home/papejajunior/.ivy2/cache/io.netty/netty-codec/jars/netty-codec-4.0.36.Final.jar, /home/papejajunior/.ivy2/cache/io.netty/netty-codec-http/jars/netty-codec-http-4.0.36.Final.jar, /home/papejajunior/.ivy2/cache/io.netty/netty-transport-native-epoll/jars/netty-transport-native-epoll-4.0.36.Final-linux-x86_64.jar, /home/papejajunior/.ivy2/cache/com.typesafe.play/play-doc_2.11/jars/play-doc_2.11-1.2.2.jar, /home/papejajunior/.ivy2/cache/org.pegdown/pegdown/jars/pegdown-1.4.0.jar, /home/papejajunior/.ivy2/cache/org.parboiled/parboiled-java/bundles/parboiled-java-1.1.5.jar, /home/papejajunior/.ivy2/cache/org.parboiled/parboiled-core/bundles/parboiled-core-1.1.5.jar, /home/papejajunior/.ivy2/cache/org.ow2.asm/asm/jars/asm-4.1.jar, /home/papejajunior/.ivy2/cache/org.ow2.asm/asm-tree/jars/asm-tree-4.1.jar, /home/papejajunior/.ivy2/cache/org.ow2.asm/asm-analysis/jars/asm-analysis-4.1.jar, /home/papejajunior/.ivy2/cache/org.ow2.asm/asm-util/jars/asm-util-4.1.jar, /home/papejajunior/.ivy2/cache/commons-io/commons-io/jars/commons-io-2.4.jar),Some(/home/papejajunior/.ivy2/cache/com.typesafe.play/play-omnidoc_2.11/jars/play-omnidoc_2.11-2.5.4.jar),List(),9000,0.0.0.0,DefaultWatchService,List(/home/papejajunior/workspace/gitlab/EditorOnline/editor/public, /home/papejajunior/workspace/gitlab/EditorOnline/editor/conf, /home/papejajunior/workspace/gitlab/EditorOnline/editor/app),/home/papejajunior/workspace/gitlab/EditorOnline/editor/target,500,root/playForkNotifyStart,root/playForkReload,300000,play.core.server.DevServerStart),scala.pickling.PicklerUnpickler$DelegatingPicklerUnpickler@43a667c6),ForkConfig(/home/papejajunior/workspace/gitlab/EditorOnline/editor,List(-Djna.nosys=true),List(/home/papejajunior/.ivy2/cache/org.scala-lang/scala-library/jars/scala-library-2.11.7.jar, /home/papejajunior/.ivy2/cache/com.typesafe.play/twirl-api_2.11/jars/twirl-api_2.11-1.1.1.jar, /home/papejajunior/.ivy2/cache/org.apache.commons/commons-lang3/jars/commons-lang3-3.4.jar, /home/papejajunior/.ivy2/cache/org.scala-lang.modules/scala-xml_2.11/bundles/scala-xml_2.11-1.0.1.jar, /home/papejajunior/.ivy2/cache/com.typesafe.play/play-server_2.11/jars/play-server_2.11-2.5.4.jar, /home/papejajunior/.ivy2/cache/com.typesafe.play/play_2.11/jars/play_2.11-2.5.4.jar, /home/papejajunior/.ivy2/cache/com.typesafe.play/build-link/jars/build-link-2.5.4.jar, /home/papejajunior/.ivy2/cache/com.typesafe.play/play-exceptions/jars/play-exceptions-2.5.4.jar, /home/papejajunior/.ivy2/cache/com.typesafe.play/play-iteratees_2.11/jars/play-iteratees_2.11-2.5.4.jar, /home/papejajunior/.ivy2/cache/org.scala-stm/scala-stm_2.11/jars/scala-stm_2.11-0.7.jar, /home/papejajunior/.ivy2/cache/com.typesafe/config/bundles/config-1.3.0.jar, /home/papejajunior/.ivy2/cache/ch.qos.logback/logback-classic/jars/logback-classic-1.1.7.jar, /home/papejajunior/.ivy2/cache/ch.qos.logback/logback-core/jars/logback-core-1.1.7.jar, /home/papejajunior/.ivy2/cache/com.typesafe.play/play-json_2.11/jars/play-json_2.11-2.5.4.jar, /home/papejajunior/.ivy2/cache/com.typesafe.play/play-functional_2.11/jars/play-functional_2.11-2.5.4.jar, /home/papejajunior/.ivy2/cache/com.typesafe.play/play-datacommons_2.11/jars/play-datacommons_2.11-2.5.4.jar, /home/papejajunior/.ivy2/cache/joda-time/joda-time/jars/joda-time-2.9.2.jar, /home/papejajunior/.ivy2/cache/org.joda/joda-convert/jars/joda-convert-1.8.1.jar, /home/papejajunior/.ivy2/cache/org.scala-lang/scala-reflect/jars/scala-reflect-2.11.7.jar, /home/papejajunior/.ivy2/cache/com.fasterxml.jackson.core/jackson-core/bundles/jackson-core-2.7.1.jar, /home/papejajunior/.ivy2/cache/com.fasterxml.jackson.core/jackson-annotations/bundles/jackson-annotations-2.7.1.jar, /home/papejajunior/.ivy2/cache/com.fasterxml.jackson.core/jackson-databind/bundles/jackson-databind-2.7.1.jar, /home/papejajunior/.ivy2/cache/com.fasterxml.jackson.datatype/jackson-datatype-jdk8/bundles/jackson-datatype-jdk8-2.7.1.jar, /home/papejajunior/.ivy2/cache/com.fasterxml.jackson.datatype/jackson-datatype-jsr310/bundles/jackson-datatype-jsr310-2.7.1.jar, /home/papejajunior/.ivy2/cache/com.typesafe.play/play-netty-utils/jars/play-netty-utils-2.5.4.jar, /home/papejajunior/.ivy2/cache/org.slf4j/jul-to-slf4j/jars/jul-to-slf4j-1.7.19.jar, /home/papejajunior/.ivy2/cache/org.slf4j/jcl-over-slf4j/jars/jcl-over-slf4j-1.7.19.jar, /home/papejajunior/.ivy2/cache/com.typesafe.play/play-streams_2.11/jars/play-streams_2.11-2.5.4.jar, /home/papejajunior/.ivy2/cache/org.reactivestreams/reactive-streams/jars/reactive-streams-1.0.0.jar, /home/papejajunior/.ivy2/cache/com.typesafe.akka/akka-stream_2.11/jars/akka-stream_2.11-2.4.4.jar, /home/papejajunior/.ivy2/cache/com.typesafe.akka/akka-actor_2.11/jars/akka-actor_2.11-2.4.4.jar, /home/papejajunior/.ivy2/cache/org.scala-lang.modules/scala-java8-compat_2.11/bundles/scala-java8-compat_2.11-0.7.0.jar, /home/papejajunior/.ivy2/cache/com.typesafe/ssl-config-akka_2.11/bundles/ssl-config-akka_2.11-0.2.1.jar, /home/papejajunior/.ivy2/cache/com.typesafe/ssl-config-core_2.11/bundles/ssl-config-core_2.11-0.2.1.jar, /home/papejajunior/.ivy2/cache/org.scala-lang.modules/scala-parser-combinators_2.11/bundles/scala-parser-combinators_2.11-1.0.4.jar, /home/papejajunior/.ivy2/cache/com.typesafe.akka/akka-slf4j_2.11/jars/akka-slf4j_2.11-2.4.4.jar, /home/papejajunior/.ivy2/cache/commons-codec/commons-codec/jars/commons-codec-1.10.jar, /home/papejajunior/.ivy2/cache/xerces/xercesImpl/jars/xercesImpl-2.11.0.jar, /home/papejajunior/.ivy2/cache/xml-apis/xml-apis/jars/xml-apis-1.4.01.jar, /home/papejajunior/.ivy2/cache/javax.transaction/jta/jars/jta-1.1.jar, /home/papejajunior/.ivy2/cache/com.google.inject/guice/jars/guice-4.0.jar, /home/papejajunior/.ivy2/cache/javax.inject/javax.inject/jars/javax.inject-1.jar, /home/papejajunior/.ivy2/cache/aopalliance/aopalliance/jars/aopalliance-1.0.jar, /home/papejajunior/.ivy2/cache/com.google.inject.extensions/guice-assistedinject/jars/guice-assistedinject-4.0.jar, /home/papejajunior/.ivy2/cache/com.typesafe.play/play-netty-server_2.11/jars/play-netty-server_2.11-2.5.4.jar, /home/papejajunior/.ivy2/cache/com.typesafe.netty/netty-reactive-streams-http/jars/netty-reactive-streams-http-1.0.6.jar, /home/papejajunior/.ivy2/cache/com.typesafe.netty/netty-reactive-streams/jars/netty-reactive-streams-1.0.6.jar, /home/papejajunior/.ivy2/cache/io.netty/netty-handler/jars/netty-handler-4.0.36.Final.jar, /home/papejajunior/.ivy2/cache/io.netty/netty-buffer/jars/netty-buffer-4.0.36.Final.jar, /home/papejajunior/.ivy2/cache/io.netty/netty-common/jars/netty-common-4.0.36.Final.jar, /home/papejajunior/.ivy2/cache/io.netty/netty-transport/jars/netty-transport-4.0.36.Final.jar, /home/papejajunior/.ivy2/cache/io.netty/netty-codec/jars/netty-codec-4.0.36.Final.jar, /home/papejajunior/.ivy2/cache/io.netty/netty-codec-http/jars/netty-codec-http-4.0.36.Final.jar, /home/papejajunior/.ivy2/cache/io.netty/netty-transport-native-epoll/jars/netty-transport-native-epoll-4.0.36.Final-linux-x86_64.jar, /home/papejajunior/.ivy2/cache/com.typesafe.play/play-logback_2.11/jars/play-logback_2.11-2.5.4.jar, /home/papejajunior/.ivy2/cache/com.typesafe.play/play-jdbc_2.11/jars/play-jdbc_2.11-2.5.4.jar, /home/papejajunior/.ivy2/cache/com.typesafe.play/play-jdbc-api_2.11/jars/play-jdbc-api_2.11-2.5.4.jar, /home/papejajunior/.ivy2/cache/com.jolbox/bonecp/bundles/bonecp-0.8.0.RELEASE.jar, /home/papejajunior/.ivy2/cache/com.zaxxer/HikariCP/bundles/HikariCP-2.4.3.jar, /home/papejajunior/.ivy2/cache/com.googlecode.usc/jdbcdslog/jars/jdbcdslog-1.0.6.2.jar, /home/papejajunior/.ivy2/cache/com.h2database/h2/jars/h2-1.4.191.jar, /home/papejajunior/.ivy2/cache/tyrex/tyrex/jars/tyrex-1.0.1.jar, /home/papejajunior/.ivy2/cache/com.typesafe.play/play-cache_2.11/jars/play-cache_2.11-2.5.4.jar, /home/papejajunior/.ivy2/cache/net.sf.ehcache/ehcache-core/jars/ehcache-core-2.6.11.jar, /home/papejajunior/.ivy2/cache/com.typesafe.play/play-ws_2.11/jars/play-ws_2.11-2.5.4.jar, /home/papejajunior/.ivy2/cache/com.google.guava/guava/bundles/guava-19.0.jar, /home/papejajunior/.ivy2/cache/org.asynchttpclient/async-http-client/jars/async-http-client-2.0.2.jar, /home/papejajunior/.ivy2/cache/org.asynchttpclient/netty-resolver-dns/jars/netty-resolver-dns-2.0.2.jar, /home/papejajunior/.ivy2/cache/org.asynchttpclient/netty-resolver/jars/netty-resolver-2.0.2.jar, /home/papejajunior/.ivy2/cache/org.slf4j/slf4j-api/jars/slf4j-api-1.7.21.jar, /home/papejajunior/.ivy2/cache/org.asynchttpclient/netty-codec-dns/jars/netty-codec-dns-2.0.2.jar, /home/papejajunior/.ivy2/cache/org.javassist/javassist/bundles/javassist-3.20.0-GA.jar, /home/papejajunior/.ivy2/cache/oauth.signpost/signpost-core/jars/signpost-core-1.2.1.2.jar, /home/papejajunior/.ivy2/cache/oauth.signpost/signpost-commonshttp4/jars/signpost-commonshttp4-1.2.1.2.jar, /home/papejajunior/.ivy2/cache/org.apache.httpcomponents/httpcore/jars/httpcore-4.0.1.jar, /home/papejajunior/.ivy2/cache/org.apache.httpcomponents/httpclient/jars/httpclient-4.0.1.jar, /home/papejajunior/.ivy2/cache/commons-logging/commons-logging/jars/commons-logging-1.1.1.jar),List((public/,/home/papejajunior/workspace/gitlab/EditorOnline/editor/target/web/public/main)),List(/home/papejajunior/.ivy2/cache/com.typesafe.play/play-omnidoc_2.11/jars/play-omnidoc_2.11-2.5.4.jar, /home/papejajunior/.ivy2/cache/org.scala-lang/scala-library/jars/scala-library-2.11.7.jar, /home/papejajunior/.ivy2/cache/com.typesafe.play/play-docs_2.11/jars/play-docs_2.11-2.5.4.jar, /home/papejajunior/.ivy2/cache/com.typesafe.play/play-netty-server_2.11/jars/play-netty-server_2.11-2.5.4.jar, /home/papejajunior/.ivy2/cache/com.typesafe.play/play-server_2.11/jars/play-server_2.11-2.5.4.jar, /home/papejajunior/.ivy2/cache/com.typesafe.play/play_2.11/jars/play_2.11-2.5.4.jar, /home/papejajunior/.ivy2/cache/com.typesafe.play/build-link/jars/build-link-2.5.4.jar, /home/papejajunior/.ivy2/cache/com.typesafe.play/play-exceptions/jars/play-exceptions-2.5.4.jar, /home/papejajunior/.ivy2/cache/com.typesafe.play/play-iteratees_2.11/jars/play-iteratees_2.11-2.5.4.jar, /home/papejajunior/.ivy2/cache/org.scala-stm/scala-stm_2.11/jars/scala-stm_2.11-0.7.jar, /home/papejajunior/.ivy2/cache/com.typesafe/config/bundles/config-1.3.0.jar, /home/papejajunior/.ivy2/cache/ch.qos.logback/logback-classic/jars/logback-classic-1.1.7.jar, /home/papejajunior/.ivy2/cache/ch.qos.logback/logback-core/jars/logback-core-1.1.7.jar, /home/papejajunior/.ivy2/cache/org.slf4j/slf4j-api/jars/slf4j-api-1.7.19.jar, /home/papejajunior/.ivy2/cache/com.typesafe.play/play-json_2.11/jars/play-json_2.11-2.5.4.jar, /home/papejajunior/.ivy2/cache/com.typesafe.play/play-functional_2.11/jars/play-functional_2.11-2.5.4.jar, /home/papejajunior/.ivy2/cache/com.typesafe.play/play-datacommons_2.11/jars/play-datacommons_2.11-2.5.4.jar, /home/papejajunior/.ivy2/cache/joda-time/joda-time/jars/joda-time-2.9.2.jar, /home/papejajunior/.ivy2/cache/org.joda/joda-convert/jars/joda-convert-1.8.1.jar, /home/papejajunior/.ivy2/cache/org.scala-lang/scala-reflect/jars/scala-reflect-2.11.7.jar, /home/papejajunior/.ivy2/cache/com.fasterxml.jackson.core/jackson-core/bundles/jackson-core-2.7.1.jar, /home/papejajunior/.ivy2/cache/com.fasterxml.jackson.core/jackson-annotations/bundles/jackson-annotations-2.7.1.jar, /home/papejajunior/.ivy2/cache/com.fasterxml.jackson.core/jackson-databind/bundles/jackson-databind-2.7.1.jar, /home/papejajunior/.ivy2/cache/com.fasterxml.jackson.datatype/jackson-datatype-jdk8/bundles/jackson-datatype-jdk8-2.7.1.jar, /home/papejajunior/.ivy2/cache/com.fasterxml.jackson.datatype/jackson-datatype-jsr310/bundles/jackson-datatype-jsr310-2.7.1.jar, /home/papejajunior/.ivy2/cache/com.typesafe.play/play-netty-utils/jars/play-netty-utils-2.5.4.jar, /home/papejajunior/.ivy2/cache/org.slf4j/jul-to-slf4j/jars/jul-to-slf4j-1.7.19.jar, /home/papejajunior/.ivy2/cache/org.slf4j/jcl-over-slf4j/jars/jcl-over-slf4j-1.7.19.jar, /home/papejajunior/.ivy2/cache/com.typesafe.play/play-streams_2.11/jars/play-streams_2.11-2.5.4.jar, /home/papejajunior/.ivy2/cache/org.reactivestreams/reactive-streams/jars/reactive-streams-1.0.0.jar, /home/papejajunior/.ivy2/cache/com.typesafe.akka/akka-stream_2.11/jars/akka-stream_2.11-2.4.4.jar, /home/papejajunior/.ivy2/cache/com.typesafe.akka/akka-actor_2.11/jars/akka-actor_2.11-2.4.4.jar, /home/papejajunior/.ivy2/cache/org.scala-lang.modules/scala-java8-compat_2.11/bundles/scala-java8-compat_2.11-0.7.0.jar, /home/papejajunior/.ivy2/cache/com.typesafe/ssl-config-akka_2.11/bundles/ssl-config-akka_2.11-0.2.1.jar, /home/papejajunior/.ivy2/cache/com.typesafe/ssl-config-core_2.11/bundles/ssl-config-core_2.11-0.2.1.jar, /home/papejajunior/.ivy2/cache/org.scala-lang.modules/scala-parser-combinators_2.11/bundles/scala-parser-combinators_2.11-1.0.4.jar, /home/papejajunior/.ivy2/cache/com.typesafe.play/twirl-api_2.11/jars/twirl-api_2.11-1.1.1.jar, /home/papejajunior/.ivy2/cache/org.apache.commons/commons-lang3/jars/commons-lang3-3.4.jar, /home/papejajunior/.ivy2/cache/org.scala-lang.modules/scala-xml_2.11/bundles/scala-xml_2.11-1.0.1.jar, /home/papejajunior/.ivy2/cache/com.typesafe.akka/akka-slf4j_2.11/jars/akka-slf4j_2.11-2.4.4.jar, /home/papejajunior/.ivy2/cache/commons-codec/commons-codec/jars/commons-codec-1.10.jar, /home/papejajunior/.ivy2/cache/xerces/xercesImpl/jars/xercesImpl-2.11.0.jar, /home/papejajunior/.ivy2/cache/xml-apis/xml-apis/jars/xml-apis-1.4.01.jar, /home/papejajunior/.ivy2/cache/javax.transaction/jta/jars/jta-1.1.jar, /home/papejajunior/.ivy2/cache/com.google.inject/guice/jars/guice-4.0.jar, /home/papejajunior/.ivy2/cache/javax.inject/javax.inject/jars/javax.inject-1.jar, /home/papejajunior/.ivy2/cache/aopalliance/aopalliance/jars/aopalliance-1.0.jar, /home/papejajunior/.ivy2/cache/com.google.guava/guava/bundles/guava-16.0.1.jar, /home/papejajunior/.ivy2/cache/com.google.inject.extensions/guice-assistedinject/jars/guice-assistedinject-4.0.jar, /home/papejajunior/.ivy2/cache/com.typesafe.netty/netty-reactive-streams-http/jars/netty-reactive-streams-http-1.0.6.jar, /home/papejajunior/.ivy2/cache/com.typesafe.netty/netty-reactive-streams/jars/netty-reactive-streams-1.0.6.jar, /home/papejajunior/.ivy2/cache/io.netty/netty-handler/jars/netty-handler-4.0.36.Final.jar, /home/papejajunior/.ivy2/cache/io.netty/netty-buffer/jars/netty-buffer-4.0.36.Final.jar, /home/papejajunior/.ivy2/cache/io.netty/netty-common/jars/netty-common-4.0.36.Final.jar, /home/papejajunior/.ivy2/cache/io.netty/netty-transport/jars/netty-transport-4.0.36.Final.jar, /home/papejajunior/.ivy2/cache/io.netty/netty-codec/jars/netty-codec-4.0.36.Final.jar, /home/papejajunior/.ivy2/cache/io.netty/netty-codec-http/jars/netty-codec-http-4.0.36.Final.jar, /home/papejajunior/.ivy2/cache/io.netty/netty-transport-native-epoll/jars/netty-transport-native-epoll-4.0.36.Final-linux-x86_64.jar, /home/papejajunior/.ivy2/cache/com.typesafe.play/play-doc_2.11/jars/play-doc_2.11-1.2.2.jar, /home/papejajunior/.ivy2/cache/org.pegdown/pegdown/jars/pegdown-1.4.0.jar, /home/papejajunior/.ivy2/cache/org.parboiled/parboiled-java/bundles/parboiled-java-1.1.5.jar, /home/papejajunior/.ivy2/cache/org.parboiled/parboiled-core/bundles/parboiled-core-1.1.5.jar, /home/papejajunior/.ivy2/cache/org.ow2.asm/asm/jars/asm-4.1.jar, /home/papejajunior/.ivy2/cache/org.ow2.asm/asm-tree/jars/asm-tree-4.1.jar, /home/papejajunior/.ivy2/cache/org.ow2.asm/asm-analysis/jars/asm-analysis-4.1.jar, /home/papejajunior/.ivy2/cache/org.ow2.asm/asm-util/jars/asm-util-4.1.jar, /home/papejajunior/.ivy2/cache/commons-io/commons-io/jars/commons-io-2.4.jar),Some(/home/papejajunior/.ivy2/cache/com.typesafe.play/play-omnidoc_2.11/jars/play-omnidoc_2.11-2.5.4.jar),List(),9000,0.0.0.0,DefaultWatchService,List(/home/papejajunior/workspace/gitlab/EditorOnline/editor/public, /home/papejajunior/workspace/gitlab/EditorOnline/editor/conf, /home/papejajunior/workspace/gitlab/EditorOnline/editor/app),/home/papejajunior/workspace/gitlab/EditorOnline/editor/target,500,root/playForkNotifyStart,root/playForkReload,300000,play.core.server.DevServerStart))))
Sending msg to client play-fork-run-fa216bda-f967-4c2e-bba7-ee5e2a2a6bb9: TaskStarted(54,8451,None)
Sending msg to client play-fork-run-fa216bda-f967-4c2e-bba7-ee5e2a2a6bb9: TaskFinished(54,8451,None,true,None)
Sending msg to client play-fork-run-fa216bda-f967-4c2e-bba7-ee5e2a2a6bb9: TaskStarted(54,8450,None)
Sending msg to client play-fork-run-fa216bda-f967-4c2e-bba7-ee5e2a2a6bb9: TaskFinished(54,8450,None,true,None)
Sending msg to client play-fork-run-fa216bda-f967-4c2e-bba7-ee5e2a2a6bb9: DetachedLogEvent(LogMessage(debug,cancel strategy finish enabled=false lastCommand=Some(LastCommand(CommandExecutionWork(ExecutionId(54),{file:/home/papejajunior/workspace/gitlab/EditorOnline/editor/}root/*:playForkConfig,Set(LiveClient(play-fork-run fa216bda-f967-4c2e-bba7-ee5e2a2a6bb9)),sbt.server.WorkCancellationStatus$$anon$1@79767e6f)))))
Sending msg to client play-fork-run-fa216bda-f967-4c2e-bba7-ee5e2a2a6bb9: DetachedLogEvent(LogSuccess(Total time: 0 s, completed Aug 15, 2016 3:25:55 PM))
Sending msg to client play-fork-run-fa216bda-f967-4c2e-bba7-ee5e2a2a6bb9: DetachedLogEvent(LogMessage(debug,> server-post-command-cleanup))
Sending msg to client play-fork-run-fa216bda-f967-4c2e-bba7-ee5e2a2a6bb9: ExecutionSuccess(54)
Sending msg to client play-fork-run-fa216bda-f967-4c2e-bba7-ee5e2a2a6bb9: DetachedLogEvent(LogMessage(debug,> server-handle-next-server-request))
Sending msg to client play-fork-run-fa216bda-f967-4c2e-bba7-ee5e2a2a6bb9: BackgroundJobLogEvent(5,LogMessage(info,))
Sending msg to client play-fork-run-fa216bda-f967-4c2e-bba7-ee5e2a2a6bb9: BackgroundJobLogEvent(4,LogMessage(info,JVM exiting, shutting down Play fork run ...))
Sending msg to client play-fork-run-fa216bda-f967-4c2e-bba7-ee5e2a2a6bb9: BackgroundJobLogEvent(4,LogMessage(info,Play fork run already stopped ...))
Sending msg to client play-fork-run-fa216bda-f967-4c2e-bba7-ee5e2a2a6bb9: BackgroundJobLogEvent(4,LogMessage(info,Forked Play process exited with status: 0))
Sending msg to client play-fork-run-fa216bda-f967-4c2e-bba7-ee5e2a2a6bb9: BackgroundJobFinished(48,4)
Sending msg to client play-fork-run-fa216bda-f967-4c2e-bba7-ee5e2a2a6bb9: BackgroundJobLogEvent(5,LogMessage(info,[35m--- (Running the application, auto-reloading is enabled) ---[0m))
Sending msg to client play-fork-run-fa216bda-f967-4c2e-bba7-ee5e2a2a6bb9: BackgroundJobLogEvent(5,LogMessage(info,))
Sending msg to client play-fork-run-fa216bda-f967-4c2e-bba7-ee5e2a2a6bb9: BackgroundJobLogEvent(5,LogMessage(info,p.c.s.NettyServer - Listening for HTTP on /0:0:0:0:0:0:0:0:9000))
Sending msg to client play-fork-run-fa216bda-f967-4c2e-bba7-ee5e2a2a6bb9: BackgroundJobLogEvent(5,LogMessage(info,))
Sending msg to client play-fork-run-fa216bda-f967-4c2e-bba7-ee5e2a2a6bb9: BackgroundJobLogEvent(5,LogMessage(info,[32m(Server started, use Ctrl+D to stop and go back to the console...)[0m))
Sending msg to client play-fork-run-fa216bda-f967-4c2e-bba7-ee5e2a2a6bb9: BackgroundJobLogEvent(5,LogMessage(info,))
Got request: ExecutionRequest(root/playForkNotifyStart http://localhost:9000)
Reading next message from client.
Sending msg to client play-fork-run-fa216bda-f967-4c2e-bba7-ee5e2a2a6bb9: (8,ExecutionRequestReceived(55))
Sending msg to client play-fork-run-fa216bda-f967-4c2e-bba7-ee5e2a2a6bb9: ExecutionWaiting(55,root/playForkNotifyStart http://localhost:9000,ClientInfo(fa216bda-f967-4c2e-bba7-ee5e2a2a6bb9,play-fork-run,Play Fork Run,1,Vector()))
Sending msg to client play-fork-run-fa216bda-f967-4c2e-bba7-ee5e2a2a6bb9: ExecutionStarting(55)
Sending msg to client play-fork-run-fa216bda-f967-4c2e-bba7-ee5e2a2a6bb9: DetachedLogEvent(LogMessage(debug,> root/playForkNotifyStart http://localhost:9000))
Sending msg to client play-fork-run-fa216bda-f967-4c2e-bba7-ee5e2a2a6bb9: DetachedLogEvent(LogMessage(debug,Evaluating tasks: *:playForkNotifyStart))
Sending msg to client play-fork-run-fa216bda-f967-4c2e-bba7-ee5e2a2a6bb9: DetachedLogEvent(LogMessage(debug,Running task... Cancel: sbt.server.ServerTaskCancellation@74c6fa0d, check cycles: false))
Sending msg to client play-fork-run-fa216bda-f967-4c2e-bba7-ee5e2a2a6bb9: DetachedLogEvent(LogMessage(debug,cancel strategy start enabled=true lastCommand=Some(LastCommand(CommandExecutionWork(ExecutionId(55),root/playForkNotifyStart http://localhost:9000,Set(LiveClient(play-fork-run fa216bda-f967-4c2e-bba7-ee5e2a2a6bb9)),sbt.server.WorkCancellationStatus$$anon$1@4171ab7a)))))
Sending msg to client play-fork-run-fa216bda-f967-4c2e-bba7-ee5e2a2a6bb9: TaskStarted(55,8530,Some(AttributeKey[sbt.SendEventService]("sendEventService") in Scope(Global)))
Sending msg to client play-fork-run-fa216bda-f967-4c2e-bba7-ee5e2a2a6bb9: TaskFinished(55,8530,Some(AttributeKey[sbt.SendEventService]("sendEventService") in Scope(Global)),true,None)
Sending msg to client play-fork-run-fa216bda-f967-4c2e-bba7-ee5e2a2a6bb9: TaskStarted(55,8529,Some(AttributeKey[scala.Function1[java.lang.String,void]]("playForkStarted") in Scope(Build: file:/home/papejajunior/workspace/gitlab/EditorOnline/editor/, , Project: ProjectReference(file:/home/papejajunior/workspace/gitlab/EditorOnline/editor/,root))))
Sending msg to client play-fork-run-fa216bda-f967-4c2e-bba7-ee5e2a2a6bb9: TaskFinished(55,8529,Some(AttributeKey[scala.Function1[java.lang.String,void]]("playForkStarted") in Scope(Build: file:/home/papejajunior/workspace/gitlab/EditorOnline/editor/, , Project: ProjectReference(file:/home/papejajunior/workspace/gitlab/EditorOnline/editor/,root))),true,None)
Sending msg to client play-fork-run-fa216bda-f967-4c2e-bba7-ee5e2a2a6bb9: TaskStarted(55,8528,Some(AttributeKey[void]("playForkNotifyStart") in Scope(Build: file:/home/papejajunior/workspace/gitlab/EditorOnline/editor/, , Project: ProjectReference(file:/home/papejajunior/workspace/gitlab/EditorOnline/editor/,root))))
Sending msg to client play-fork-run-fa216bda-f967-4c2e-bba7-ee5e2a2a6bb9: TaskEvent(8528,LazyValue(PlayServerStarted(http://localhost:9000),play.forkrun.protocol.Serializers$PlayForkrunProtocolPlayServerStartedPickler1$2$@7df69f97))
Sending msg to client play-fork-run-fa216bda-f967-4c2e-bba7-ee5e2a2a6bb9: TaskFinished(55,8528,Some(AttributeKey[void]("playForkNotifyStart") in Scope(Build: file:/home/papejajunior/workspace/gitlab/EditorOnline/editor/, , Project: ProjectReference(file:/home/papejajunior/workspace/gitlab/EditorOnline/editor/,root))),true,None)
Sending msg to client play-fork-run-fa216bda-f967-4c2e-bba7-ee5e2a2a6bb9: TaskStarted(55,8527,None)
Sending msg to client play-fork-run-fa216bda-f967-4c2e-bba7-ee5e2a2a6bb9: TaskFinished(55,8527,None,true,None)
Sending msg to client play-fork-run-fa216bda-f967-4c2e-bba7-ee5e2a2a6bb9: TaskStarted(55,8526,None)
Sending msg to client play-fork-run-fa216bda-f967-4c2e-bba7-ee5e2a2a6bb9: TaskFinished(55,8526,None,true,None)
Sending msg to client play-fork-run-fa216bda-f967-4c2e-bba7-ee5e2a2a6bb9: DetachedLogEvent(LogMessage(debug,cancel strategy finish enabled=false lastCommand=Some(LastCommand(CommandExecutionWork(ExecutionId(55),root/playForkNotifyStart http://localhost:9000,Set(LiveClient(play-fork-run fa216bda-f967-4c2e-bba7-ee5e2a2a6bb9)),sbt.server.WorkCancellationStatus$$anon$1@4171ab7a)))))
Sending msg to client play-fork-run-fa216bda-f967-4c2e-bba7-ee5e2a2a6bb9: DetachedLogEvent(LogSuccess(Total time: 0 s, completed Aug 15, 2016 3:25:58 PM))
Sending msg to client play-fork-run-fa216bda-f967-4c2e-bba7-ee5e2a2a6bb9: DetachedLogEvent(LogMessage(debug,> server-post-command-cleanup))
Sending msg to client play-fork-run-fa216bda-f967-4c2e-bba7-ee5e2a2a6bb9: ExecutionSuccess(55)
Sending msg to client play-fork-run-fa216bda-f967-4c2e-bba7-ee5e2a2a6bb9: DetachedLogEvent(LogMessage(debug,> server-handle-next-server-request))
Sending msg to client play-fork-run-fa216bda-f967-4c2e-bba7-ee5e2a2a6bb9: BackgroundJobLogEvent(5,LogMessage(info,JVM exiting, shutting down Play fork run ...))
Sending msg to client play-fork-run-fa216bda-f967-4c2e-bba7-ee5e2a2a6bb9: BackgroundJobLogEvent(5,LogMessage(info,Stopping Play fork run ...))
Sending msg to client play-fork-run-fa216bda-f967-4c2e-bba7-ee5e2a2a6bb9: BackgroundJobLogEvent(5,LogMessage(info,p.c.s.NettyServer - Stopping server...))
Sending msg to client play-fork-run-fa216bda-f967-4c2e-bba7-ee5e2a2a6bb9: BackgroundJobLogEvent(5,LogMessage(info,Play fork run already stopped ...))
Got request: UnlistenToEvents()
Reading next message from client.
Sending msg to client play-fork-run-fa216bda-f967-4c2e-bba7-ee5e2a2a6bb9: (9,ReceivedResponse())
Got request: UnlistenToValue(AttributeKey[play.forkrun.protocol.ForkConfig]("playForkConfig") in Scope(Build: file:/home/papejajunior/workspace/gitlab/EditorOnline/editor/, , Project: ProjectReference(file:/home/papejajunior/workspace/gitlab/EditorOnline/editor/,root)))
Reading next message from client.
Client play-fork-run-fa216bda-f967-4c2e-bba7-ee5e2a2a6bb9 EOF, shutting down.
Stopping client.
Client play-fork-run-fa216bda-f967-4c2e-bba7-ee5e2a2a6bb9 thread exiting.
Dropping message (9,ReceivedResponse()) because client play-fork-run-fa216bda-f967-4c2e-bba7-ee5e2a2a6bb9 of an exception serializing and sending: java.net.SocketException: socket is closed
stack trace sending message was 
java.net.SocketException: socket is closed
	at sbt.impl.ipc.Peer.send(IPC.scala:74)
	at sbt.impl.ipc.Peer.reply(IPC.scala:88)
	at sbt.impl.ipc.Peer.replyString(IPC.scala:111)
	at sbt.impl.ipc.Peer.replyJson(IPC.scala:124)
	at sbt.server.SbtClientHandler$$anonfun$reply$1.apply$mcV$sp(SbtClientHandler.scala:132)
	at sbt.server.SbtClientHandler.wrappedSend(SbtClientHandler.scala:113)
	at sbt.server.SbtClientHandler.reply(SbtClientHandler.scala:132)
	at sbt.server.RequestProcessor.unlistenToEvents(RequestProcessor.scala:344)
	at sbt.server.RequestProcessor.sbt$server$RequestProcessor$$handleRequestsWithBuildState(RequestProcessor.scala:392)
	at sbt.server.RequestProcessor.run(RequestProcessor.scala:324)
